[\\N552VW-TOMMASO]
00000001	12:00:18	[16376] AL [16376:8740]:      _       _                   _                     ______
00000002	12:00:18	[16376] AL [16376:8740]:   __| | __ _| |_ _ __ ___  _ __ (_) ___    _________  / __/ /_
00000003	12:00:18	[16376] AL [16376:8740]:  / _` |/ _` | __| '__/ _ \| '_ \| |/ __|  / ___/ __ \/ /_/ __/
00000004	12:00:18	[16376] AL [16376:8740]: | (_| | (_| | |_| | | (_) | | | | | (__  (__  ) /_/ / __/ /_ 
00000005	12:00:18	[16376] AL [16376:8740]:  \__,_|\__,_|\__|_|  \___/|_| |_|_|\___|/____/\____/_/  \__/
00000006	12:00:18	[16376] AL [16376:8740]: ----------------------------------------------------------------
00000007	12:00:18	[16376] AL [16376:8740]:| datronicsoft v3DDK Service API
00000008	12:00:18	[16376] AL [16376:8740]:| Build: Oct 14 2019 13:12:14
00000009	12:00:18	[16376] AL [16376:8740]:| Call:  03.27. 2021  12:00:18
00000010	12:00:18	[16376] AL [16376:8740]: ----------------------------------------------------------------
00000011	12:00:18	[16376] SI [16376:2632]:      _       _                   _                     ______
00000012	12:00:18	[16376] SI [16376:2632]:   __| | __ _| |_ _ __ ___  _ __ (_) ___    _________  / __/ /_
00000013	12:00:18	[16376] SI [16376:2632]:  / _` |/ _` | __| '__/ _ \| '_ \| |/ __|  / ___/ __ \/ /_/ __/
00000014	12:00:18	[16376] SI [16376:2632]: | (_| | (_| | |_| | | (_) | | | | | (__  (__  ) /_/ / __/ /_ 
00000015	12:00:18	[16376] SI [16376:2632]:  \__,_|\__,_|\__|_|  \___/|_| |_|_|\___|/____/\____/_/  \__/
00000016	12:00:18	[16376] SI [16376:2632]: ----------------------------------------------------------------
00000017	12:00:18	[16376] SI [16376:2632]:| datronicsoft v3DDK Service Application main
00000018	12:00:18	[16376] SI [16376:2632]:| Build: Nov 12 2019 09:59:35
00000019	12:00:18	[16376] SI [16376:2632]:| Call:  03.27. 2021  12:00:18
00000020	12:00:18	[16376] SI [16376:2632]: ----------------------------------------------------------------
00000021	12:00:18	[16376] SE [16376:2632]:      _       _                   _                     ______
00000022	12:00:18	[16376] SE [16376:2632]:   __| | __ _| |_ _ __ ___  _ __ (_) ___    _________  / __/ /_
00000023	12:00:18	[16376] SE [16376:2632]:  / _` |/ _` | __| '__/ _ \| '_ \| |/ __|  / ___/ __ \/ /_/ __/
00000024	12:00:18	[16376] SE [16376:2632]: | (_| | (_| | |_| | | (_) | | | | | (__  (__  ) /_/ / __/ /_ 
00000025	12:00:18	[16376] SE [16376:2632]:  \__,_|\__,_|\__|_|  \___/|_| |_|_|\___|/____/\____/_/  \__/
00000026	12:00:18	[16376] SE [16376:2632]: ----------------------------------------------------------------
00000027	12:00:18	[16376] SE [16376:2632]:| datronicsoft spacedesk Server Library
00000028	12:00:18	[16376] SE [16376:2632]:| Build: Nov 12 2019 09:59:31
00000029	12:00:18	[16376] SE [16376:2632]:| Call:  03.27. 2021  12:00:18
00000030	12:00:18	[16376] SE [16376:2632]: ----------------------------------------------------------------
00000031	12:00:18	[16376] SK [16376:9692]:      _       _                   _                     ______
00000032	12:00:18	[16376] SK [16376:9692]:   __| | __ _| |_ _ __ ___  _ __ (_) ___    _________  / __/ /_
00000033	12:00:18	[16376] SK [16376:9692]:  / _` |/ _` | __| '__/ _ \| '_ \| |/ __|  / ___/ __ \/ /_/ __/
00000034	12:00:18	[16376] SK [16376:9692]: | (_| | (_| | |_| | | (_) | | | | | (__  (__  ) /_/ / __/ /_ 
00000035	12:00:18	[16376] SK [16376:9692]:  \__,_|\__,_|\__|_|  \___/|_| |_|_|\___|/____/\____/_/  \__/
00000036	12:00:18	[16376] SK [16376:9692]: ----------------------------------------------------------------
00000037	12:00:18	[16376] SK [16376:9692]:| datronicsoft spacedesk KTM DLL
00000038	12:00:18	[16376] SK [16376:9692]:| Build: Nov 12 2019 09:59:18
00000039	12:00:18	[16376] SK [16376:9692]:| Call:  03.27. 2021  12:00:18
00000040	12:00:18	[16376] SK [16376:9692]: ----------------------------------------------------------------
00000041	12:00:18	[16376] SK [16376:9692]:DLL_PROCESS_ATTACH
00000042	12:00:18	[16376] SK [16376:9692]:SKUtilRegistryValueGet RegQueryValueExW failed! HidTouchEnable ERROR_FILE_NOT_FOUND
00000043	12:00:18	[16376] SK [16376:9692]:SKDriverHidDevicePathGet DeviceDescription:HID Keyboard Device enabled:1
00000044	12:00:18	[16376] SK [16376:9692]:SKDriverHidDevicePathGet DeviceDescription:ASUS Touchpad enabled:1
00000045	12:00:18	[16376] SK [16376:9692]:SKDriverHidDevicePathGet DeviceDescription:HID-compliant vendor-defined device enabled:1
00000046	12:00:18	[16376] SK [16376:9692]:SKDriverHidDevicePathGet DeviceDescription:HID-compliant wireless radio controls enabled:1
00000047	12:00:18	[16376] SK [16376:9692]:SKDriverHidDevicePathGet DeviceDescription:HID-compliant mouse enabled:1
00000048	12:00:18	[16376] SK [16376:9692]:SKDriverHidDevicePathGet DeviceDescription:HID-compliant consumer control device enabled:1
00000049	12:00:18	[16376] SK [16376:9692]:SKDriverHidDevicePathGet DeviceDescription:HID-compliant system controller enabled:1
00000050	12:00:18	[16376] SK [16376:9692]:SKDriverHidDevicePathGet DeviceDescription:HID-compliant vendor-defined device enabled:1
00000051	12:00:18	[16376] SK [16376:9692]:SKDriverHidDevicePathGet DeviceDescription:HID-compliant device enabled:1
00000052	12:00:18	[16376] SK [16376:9692]:SKUtilSetupApiDeviceInfoSet::EnumerateDevice SetupDiEnumDeviceInterfaces failed! 9 Last error: 259
00000053	12:00:18	[16376] SK [16376:9692]:SKDriverHidControl::Create SKDriverHidDevicePathGet failed!
00000054	12:00:18	[16376] SK [16376:9692]:SKProtocol::OnInitialize m_HidDriverControl.Create failed!
00000055	12:00:18	[16376] SE [16376:9692]:SEThreadMainEventHandler::Run RegistryChangeNotification.Subscribe failed! (1)
00000056	12:00:18	[16376] SE [16376:9692]:SEUtilRegistryValueGet RegQueryValueExW failed! TrayApplicationRemoteConnectionSupport ERROR_FILE_NOT_FOUND
00000057	12:00:18	[17128] ST:       _       _                   _                     ______
00000058	12:00:18	[17128] ST:    __| | __ _| |_ _ __ ___  _ __ (_) ___    _________  / __/ /_
00000059	12:00:18	[17128] ST:   / _` |/ _` | __| '__/ _ \| '_ \| |/ __|  / ___/ __ \/ /_/ __/
00000060	12:00:18	[17128] ST:  | (_| | (_| | |_| | | (_) | | | | | (__  (__  ) /_/ / __/ /_ 
00000061	12:00:18	[17128] ST:   \__,_|\__,_|\__|_|  \___/|_| |_|_|\___|/____/\____/_/  \__/
00000062	12:00:18	[17128] ST:  -----------------------------------------------
00000063	12:00:18	[17128] ST: | datronicsoft v3DDK Service Tray Application main
00000064	12:00:18	[17128] ST: | Build: Nov 12 2019 10:00:05
00000065	12:00:18	[17128] ST: | Call:  03.27. 2021  12:00:18
00000066	12:00:18	[17128] ST:  -----------------------------------------------
00000067	12:00:18	[17128] ST: STIsWindow10Build1607AnniversaryUpdateOrAbove Windows 10 >= 14393
00000068	12:00:18	[17128] 
00000069	12:00:18	[17128] ST: STRegistrySettings::Query RegQueryValueExW failed! WiFiDirectMenuEnable ERROR_FILE_NOT_FOUND
00000070	12:00:18	[17128] 
00000071	12:00:18	[17128] ST: STRegistrySettings::WiFiDirectMenuEnableGet Query failed!
00000072	12:00:18	[17128] 
00000073	12:00:18	[16376] SE [16376:9692]:SEUtilRegistryValueGet RegQueryValueExW failed! InputState ERROR_FILE_NOT_FOUND
00000074	12:00:18	[16376] SE [16376:9692]:SETrayMenu::PrivateRegistrySettingInputStateGet SEUtilRegistryValueGet failed!
00000075	12:00:18	[16376] SE [16376:9692]:SETrayMenu::MenuItemsInputStateUpdate failed! invalid input state:2
00000076	12:00:18	[16376] AL [16376:9692]:ALApiHighLevel::DisplayMonitorAssignmentEnumerate HardwareClientCustomInstanceEnumerate failed! EnumIdx:0
00000077	12:00:18	[16376] SE [16376:9692]:IIIIIIIIIIIIIIIIIIIIIIIIII DeviceDescription:spacedesk Graphics Adapter enabled:1
00000078	12:00:18	[16376] SE [16376:9692]:SEUtilRegistryValueGet RegQueryValueExW failed! UmdfLogTimeoutInMinutes ERROR_FILE_NOT_FOUND
00000079	12:00:18	[16376] SE [16376:9692]:SEUtilRegistryValueGet RegQueryValueExW failed! LogLevelUmdf ERROR_FILE_NOT_FOUND
00000080	12:00:18	[17128] ST: STRegistrySettings::Query RegOpenKeyEx failed! lResult:2
00000081	12:00:18	[17128] 
00000082	12:00:18	[17128] ST: STRegistrySettings::WiFiDirectEnableGet Query failed!
00000083	12:00:18	[17128] 
00000084	12:00:18	[17128] ST: STWiFiDirectAdvertiser::PrivateStateSet failed! wrong state current:0 expected:5 New:4
00000085	12:00:18	[17128] 
00000086	12:00:18	[17128] ST: STWiFiDirectAdvertiser::Stop failed! wrong state
00000087	12:00:18	[17128] 
00000088	12:00:18	[17128] ST: STWiFiDirectHotspot::PrivateOperationStartStop m_Advertiser.Stop failed!
00000089	12:00:18	[17128] 
00000090	12:00:27	[4832] [Router Dll]: Dot11ExtNicSpecificExtension was called from Proset dll
00000091	12:00:27	[4832] GetScanList: 11ac capabilities (191) detected
00000092	12:00:27	[4832] GetScanList: 11ac operation (192) detected
00000093	12:00:27	[4832] GetScanList: 11ac capabilities (191) detected
00000094	12:00:27	[4832] GetScanList: 11ac operation (192) detected
00000095	12:00:27	[4832] GetScanList: 11ac capabilities (191) detected
00000096	12:00:27	[4832] GetScanList: 11ac operation (192) detected
00000097	12:00:27	[4832] GetScanList: 11ac capabilities (191) detected
00000098	12:00:27	[4832] GetScanList: 11ac operation (192) detected
00000099	12:00:27	[4832] GetScanList: 11ac operation (192) detected
00000100	12:00:27	[4832] GetScanList: 11ac capabilities (191) detected
00000101	12:00:27	[4832] GetScanList: 11ac operation (192) detected
00000102	12:00:27	[4832] GetScanList: 11ac capabilities (191) detected
00000103	12:00:27	[4832] GetScanList: 11ac operation (192) detected
00000104	12:00:27	[4832] GetScanList: 11ac capabilities (191) detected
00000105	12:00:27	[4832] GetScanList: 11ac operation (192) detected
00000106	12:00:27	[4832] GetScanList: 11ac capabilities (191) detected
00000107	12:00:27	[4832] GetScanList: 11ac operation (192) detected
00000108	12:00:27	[4832] GetScanList: 11ac capabilities (191) detected
00000109	12:00:27	[4832] GetScanList: 11ac operation (192) detected
00000110	12:00:27	[4832] GetScanList: 11ac capabilities (191) detected
00000111	12:00:27	[4832] GetScanList: 11ac operation (192) detected
00000112	12:00:37	[16376] SE [16376:2632]:SEClientManager::PrivateErrorConditionsCheck failed! Expired!
00000113	12:00:37	[16376] SE [16376:2632]:SEServer::WaitForNotification connection attempt failed!
00000114	12:00:37	[17128] ST: STIconManager::SetBalloonTip Title: spacedesk x10, InfoText: spacedesk Display Driver has expired!
00000115	12:00:38	[17128] ST: STWndMainApplication::MsgHandlerTrayNotification failed! Unknown tray notification Windows message 0x00000402
00000116	12:00:38	[17128] 
00000117	12:00:38	[17128] ST: STWndMainApplication::MsgHandlerTrayNotification failed! Unknown tray notification Windows message 0x00000404
00000118	12:00:38	[17128] 
00000119	12:00:48	[16376] SK [16376:16812]:DLL_THREAD_ATTACH
00000120	12:00:48	[16376] SK [16376:14636]:DLL_THREAD_ATTACH
